<?xml version="1.0" encoding="UTF-8"?>
<!-- Generated by org.testng.reporters.JUnitReportReporter -->
<testsuite hostname="LAPTOP-LDU49EHQ" failures="0" tests="1" name="restassuredTests.Demo2_POST_Request" time="2.906" errors="0" timestamp="2021-05-09T11:37:18 IST" skipped="0">
  <testcase classname="restassuredTests.Demo2_POST_Request" name="testPost" time="2.906"/>
  <system-out/>
</testsuite> <!-- restassuredTests.Demo2_POST_Request -->
