<?xml version="1.0" encoding="UTF-8"?>
<!-- Generated by org.testng.reporters.JUnitReportReporter -->
<testsuite hostname="LAPTOP-LDU49EHQ" failures="0" tests="1" name="restassuredTests.Demo3_PUT_Request" time="3.437" errors="0" timestamp="2021-05-09T13:08:08 IST" skipped="0">
  <testcase classname="restassuredTests.Demo3_PUT_Request" name="testput" time="3.437"/>
  <system-out/>
</testsuite> <!-- restassuredTests.Demo3_PUT_Request -->
